Tue, 21 May 2024 17:12:18 INFO     OATS log file
Tue, 21 May 2024 17:12:18 INFO     Program started
Tue, 21 May 2024 17:12:19 INFO     Solver selected: ipopt
Tue, 21 May 2024 17:12:19 INFO     Testcase selected: C:\Users\samho\AppData\Local\Programs\Python\Python311\Lib\site-packages\oats/testcases/case24_ieee_rts.xlsx
Tue, 21 May 2024 17:12:19 INFO     Model selected: DCOPF
Tue, 21 May 2024 17:12:19 INFO     Given model file found and selected from the models library
Tue, 21 May 2024 17:12:20 INFO     Given testcase file found and selected from the testcase library
Tue, 21 May 2024 17:12:20 INFO     Connecting to the NEOS server ... 
Tue, 21 May 2024 17:12:20 INFO     OK.
Tue, 21 May 2024 17:12:21 INFO     Job 14204012 submitted to NEOS, password='ydYMLXCo'

Tue, 21 May 2024 17:12:21 INFO     Check the following URL for progress report :

Tue, 21 May 2024 17:12:21 INFO     https://www.neos-server.org/neos/cgi-bin/nph-neos-solver.cgi?admin=results&jobnumber=14204012&pass=ydYMLXCo

Tue, 21 May 2024 17:12:23 INFO     Job 14204012 dispatched
password: ydYMLXCo
---------- Begin Solver Output -----------
Condor submit: 'neos.submit'
Condor submit: 'watchdog.submit'
Job submitted to NEOS HTCondor pool.

Tue, 21 May 2024 17:12:23 INFO     Done!
Tue, 21 May 2024 17:12:47 INFO     Solver selected: ipopt
Tue, 21 May 2024 17:12:47 INFO     Testcase selected: mynetwork.xlsx
Tue, 21 May 2024 17:12:47 INFO     Model selected: DCOPF
Tue, 21 May 2024 17:12:47 INFO     Given model file found and selected from the models library
Tue, 21 May 2024 17:12:47 ERROR    Given testcase  not found in the 'testcases' library
Tue, 21 May 2024 17:13:04 INFO     Solver selected: ipopt
Tue, 21 May 2024 17:13:04 INFO     Testcase selected: case9.xlsx
Tue, 21 May 2024 17:13:04 INFO     Model selected: DCOPF
Tue, 21 May 2024 17:13:04 INFO     Given model file found and selected from the models library
Tue, 21 May 2024 17:13:04 ERROR    Given testcase  not found in the 'testcases' library
Tue, 21 May 2024 17:13:11 INFO     Solver selected: ipopt
Tue, 21 May 2024 17:13:11 INFO     Testcase selected: ./data/case9.xlsx
Tue, 21 May 2024 17:13:11 INFO     Model selected: DCOPF
Tue, 21 May 2024 17:13:11 INFO     Given model file found and selected from the models library
Tue, 21 May 2024 17:13:11 INFO     Given testcase file found and selected from the testcase library
